<?xml version="1.0" encoding="UTF-8" ?>
<testsuite errors="1" failures="0" hostname="DESKTOP-3UN8O0V" name="variant7.VCaller7Test" skipped="0" tests="1" time="0.114" timestamp="2020-06-20T09:39:28">
  <properties>
[...]
</properties>
  <testcase classname="variant7.VCaller7Test" name="testUnion" time="0.006">
    <error type="java.lang.NullPointerException">java.lang.NullPointerException
	at variant7.VCaller7.union(VCaller7.java:33)
	at variant7.VCaller7Test.testUnion(VCaller7Test.java:52)
	at java.base/jdk.internal.reflect.NativeMethodAccessorImpl.invoke0(Native Method)
	at java.base/jdk.internal.reflect.NativeMethodAccessorImpl.invoke(NativeMethodAccessorImpl.java:62)
	at java.base/jdk.internal.reflect.DelegatingMethodAccessorImpl.invoke(DelegatingMethodAccessorImpl.java:43)
</error>
  </testcase>
  <system-out><![CDATA[union
]]></system-out>
  <system-err><![CDATA[]]></system-err>
</testsuite>
